__array__
__array_finalize__
__array_prepare__
__array_priority__
__array_wrap__
absolute
add
all
allclose
alterdot
amax
amin
angle
any
append
apply_along_axis
apply_over_axes
arange
arccos
arccosh
arcsin
arcsinh
arctan
arctan2
arctanh
argmax
argmin
argsort
argwhere
around
array
array_equal
array_equiv
array_repr
array_split
array_str
asanyarray
asarray
ascontiguousarray
asfarray
asfortranarray
asmatrix
asscalar
atleast_1d
atleast_2d
atleast_3d
average
bartlett
base_repr
binary_repr
bincount
bitwise_and
bitwise_or
bitwise_xor
blackman
bmat
broadcast_arrays
busday_count
busday_offset
c_
can_cast
ceil
choose
clip
column_stack
common_type
compress
concatenate
conj
convolve
copy
copysign
copyto
corrcoef
correlate
cos
cosh
count_nonzero
cov
cross
cumprod
cumsum
deg2rad
degrees
delete
diag
diag_indices
diag_indices_from
diagflat
diagonal
diff
digitize
divide
dot
dsplit
dstack
ediff1d
einsum
empty
empty_like
equal
exp
exp2
expand_dims
expm1
extract
eye
fabs
fill_diagonal
find_common_type
fix
flatnonzero
fliplr
flipud
floor
floor_divide
fmod
frexp
frombuffer
fromfile
fromfunction
fromiter
frompyfunc
fromregex
fromstring
fv
genfromtxt
get_printoptions
getbuffer
getbufsize
geterr
geterrcall
geterrobj
gradient
greater
greater_equal
hamming
hanning
histogram
histogram2d
histogramdd
hsplit
hstack
hypot
i0
identity
imag
in1d
indices
info
inner
insert
interp
intersect1d
invert
ipmt
irr
is_busday
iscomplex
iscomplexobj
isfinite
isfortran
isinf
isnan
isneginf
isposinf
isreal
isrealobj
isscalar
issctype
issubclass_
issubdtype
issubsctype
ix_
kaiser
kron
ldexp
left_shift
less
less_equal
lexsort
linspace
load
loadtxt
log
log10
log1p
log2
logaddexp
logaddexp2
logical_and
logical_not
logical_or
logical_xor
logspace
lookfor
mask_indices
mat
maximum
mean
median
meshgrid
mgrid
min_scalar_type
minimum
mintypecode
mirr
mod
modf
msort
multiply
nan_to_num
nanargmax
nanargmin
nanmax
nanmin
nansum
negative

newbuffer
nonzero
not_equal
nper
npv
obj2sctype
ogrid
ones
ones_like
outer
packbits
pad
percentile
piecewise
place
pmt
poly
polyadd
polyder
polydiv
polyfit
polyint
polymul
polysub
polyval
power
ppmt
prod
promote_types
ptp
put
putmask
pv
r_
rad2deg
radians
rate
ravel
ravel_multi_index
real
real_if_close
reciprocal
remainder
repeat
require
reshape
resize
restoredot
result_type
right_shift
rint
roll
rollaxis
roots
rot90
round_
s_
save
savetxt
savez
sctype2char
searchsorted
select
set_printoptions
set_string_function
setbufsize
setdiff1d
seterr
seterrcall
seterrobj
setxor1d
sign
signbit
sin
sinc
sinh
sort
sort_complex
source
split
sqrt
square
squeeze
std
subtract
sum
swapaxes
take
tan
tanh
tensordot
tile
trace
transpose
trapz
tri
tril
tril_indices
tril_indices_from
trim_zeros
triu
triu_indices
triu_indices_from
true_divide
trunc
typename
union1d
unique
unpackbits
unravel_index
unwrap
vander
var
vdot
vsplit
vstack
where
zeros
zeros_like
